<?xml version="1.0" encoding="UTF-8"?>
<!-- Generated by org.testng.reporters.JUnitXMLReporter -->
<testsuite ignored="0" hostname="DESKTOP-GTNQM1Q" failures="2" tests="3" name="LoginPageTest" time="89.602" errors="0" timestamp="2022-04-25T13:09:20 IST">
  <testcase classname="pages.LoginTest" name="login_userName_Password_blank_tc_01" time="1.245"/>
  <testcase classname="pages.LoginTest" name="login_userName_Password_blank_tc_02" time="0.181">
    <failure type="java.lang.AssertionError" message="expected [Password cannot be empty] but found [Username cannot be empty]">
      <![CDATA[java.lang.AssertionError: expected [Password cannot be empty] but found [Username cannot be empty]
at pages.LoginPage.verifyErrorMessage(LoginPage.java:32)
at pages.LoginTest.login_userName_Password_blank_tc_02(LoginTest.java:15)
at java.base/java.util.ArrayList.forEach(ArrayList.java:1511)
... Removed 32 stack frames]]>
    </failure>
  </testcase> <!-- login_userName_Password_blank_tc_02 -->
  <testcase classname="pages.LoginTest" name="login_userName_Password_blank_tc_03" time="0.835">
    <failure type="java.lang.AssertionError" message="expected [Invalid credentials] but found [Username cannot be empty]">
      <![CDATA[java.lang.AssertionError: expected [Invalid credentials] but found [Username cannot be empty]
at pages.LoginPage.verifyErrorMessage(LoginPage.java:32)
at pages.LoginTest.login_userName_Password_blank_tc_03(LoginTest.java:22)
at java.base/java.util.ArrayList.forEach(ArrayList.java:1511)
... Removed 32 stack frames]]>
    </failure>
  </testcase> <!-- login_userName_Password_blank_tc_03 -->
</testsuite> <!-- LoginPageTest -->
